# JRE version: OpenJDK Runtime Environment Temurin-17.0.11+9 (17.0.11+9) (build 17.0.11+9)
# Java VM: OpenJDK 64-Bit Server VM Temurin-17.0.11+9 (17.0.11+9, mixed mode, tiered, compressed oops, compressed class ptrs, parallel gc, windows-amd64)
GC Precious Log:
 CPUs: 4 total, 4 available
 Memory: 8096M
 Large Page Support: Disabled
 NUMA Support: Disabled
 Compressed Oops: Enabled (32-bit)
 Alignments: Space 512K, Generation 512K, Heap 2M
 Heap Min Capacity: 100M
 Heap Initial Capacity: 100M
 Heap Max Capacity: 1G
 Pre-touch: Disabled
 Parallel Workers: 4
Heap:
 PSYoungGen      total 22528K, used 12199K [0x00000000eab00000, 0x00000000ec400000, 0x0000000100000000)
  eden space 22016K, 53% used [0x00000000eab00000,0x00000000eb689c08,0x00000000ec080000)
  from space 512K, 75% used [0x00000000ec380000,0x00000000ec3e0000,0x00000000ec400000)
  to   space 1024K, 0% used [0x00000000ec200000,0x00000000ec200000,0x00000000ec300000)
 ParOldGen       total 68608K, used 27075K [0x00000000c0000000, 0x00000000c4300000, 0x00000000eab00000)
  object space 68608K, 39% used [0x00000000c0000000,0x00000000c1a70c78,0x00000000c4300000)
 Metaspace       used 58423K, committed 59456K, reserved 1114112K
  class space    used 6352K, committed 6784K, reserved 1048576K
GC Heap History (20 events):
Event: 18.934 GC heap before
{Heap before GC invocations=15 (full 2):
 PSYoungGen      total 23552K, used 23539K [0x00000000eab00000, 0x00000000ec780000, 0x0000000100000000)
  eden space 22528K, 100% used [0x00000000eab00000,0x00000000ec100000,0x00000000ec100000)
  from space 1024K, 98% used [0x00000000ec680000,0x00000000ec77cf30,0x00000000ec780000)
  to   space 1536K, 0% used [0x00000000ec480000,0x00000000ec480000,0x00000000ec600000)
 ParOldGen       total 68608K, used 14455K [0x00000000c0000000, 0x00000000c4300000, 0x00000000eab00000)
  object space 68608K, 21% used [0x00000000c0000000,0x00000000c0e1dd78,0x00000000c4300000)
 Metaspace       used 39758K, committed 40640K, reserved 1114112K
  class space    used 4051K, committed 4416K, reserved 1048576K
}
Event: 18.939 GC heap after
{Heap after GC invocations=15 (full 2):
 PSYoungGen      total 23552K, used 736K [0x00000000eab00000, 0x00000000ec700000, 0x0000000100000000)
  eden space 22016K, 0% used [0x00000000eab00000,0x00000000eab00000,0x00000000ec080000)
  from space 1536K, 47% used [0x00000000ec480000,0x00000000ec538000,0x00000000ec600000)
  to   space 1024K, 0% used [0x00000000ec600000,0x00000000ec600000,0x00000000ec700000)
 ParOldGen       total 68608K, used 15461K [0x00000000c0000000, 0x00000000c4300000, 0x00000000eab00000)
  object space 68608K, 22% used [0x00000000c0000000,0x00000000c0f19700,0x00000000c4300000)
 Metaspace       used 39758K, committed 40640K, reserved 1114112K
  class space    used 4051K, committed 4416K, reserved 1048576K
}
Event: 19.765 GC heap before
{Heap before GC invocations=16 (full 2):
 PSYoungGen      total 23552K, used 22752K [0x00000000eab00000, 0x00000000ec700000, 0x0000000100000000)
  eden space 22016K, 100% used [0x00000000eab00000,0x00000000ec080000,0x00000000ec080000)
  from space 1536K, 47% used [0x00000000ec480000,0x00000000ec538000,0x00000000ec600000)
  to   space 1024K, 0% used [0x00000000ec600000,0x00000000ec600000,0x00000000ec700000)
 ParOldGen       total 68608K, used 15461K [0x00000000c0000000, 0x00000000c4300000, 0x00000000eab00000)
  object space 68608K, 22% used [0x00000000c0000000,0x00000000c0f19700,0x00000000c4300000)
 Metaspace       used 42507K, committed 43392K, reserved 1114112K
  class space    used 4403K, committed 4736K, reserved 1048576K
}
Event: 19.769 GC heap after
{Heap after GC invocations=16 (full 2):
 PSYoungGen      total 23040K, used 896K [0x00000000eab00000, 0x00000000ec700000, 0x0000000100000000)
  eden space 22016K, 0% used [0x00000000eab00000,0x00000000eab00000,0x00000000ec080000)
  from space 1024K, 87% used [0x00000000ec600000,0x00000000ec6e0000,0x00000000ec700000)
  to   space 1024K, 0% used [0x00000000ec500000,0x00000000ec500000,0x00000000ec600000)
 ParOldGen       total 68608K, used 16074K [0x00000000c0000000, 0x00000000c4300000, 0x00000000eab00000)
  object space 68608K, 23% used [0x00000000c0000000,0x00000000c0fb2990,0x00000000c4300000)
 Metaspace       used 42507K, committed 43392K, reserved 1114112K
  class space    used 4403K, committed 4736K, reserved 1048576K
}
Event: 20.724 GC heap before
{Heap before GC invocations=17 (full 2):
 PSYoungGen      total 23040K, used 22911K [0x00000000eab00000, 0x00000000ec700000, 0x0000000100000000)
  eden space 22016K, 99% used [0x00000000eab00000,0x00000000ec07fff8,0x00000000ec080000)
  from space 1024K, 87% used [0x00000000ec600000,0x00000000ec6e0000,0x00000000ec700000)
  to   space 1024K, 0% used [0x00000000ec500000,0x00000000ec500000,0x00000000ec600000)
 ParOldGen       total 68608K, used 16074K [0x00000000c0000000, 0x00000000c4300000, 0x00000000eab00000)
  object space 68608K, 23% used [0x00000000c0000000,0x00000000c0fb2990,0x00000000c4300000)
 Metaspace       used 45219K, committed 46144K, reserved 1114112K
  class space    used 4742K, committed 5184K, reserved 1048576K
}
Event: 20.728 GC heap after
{Heap after GC invocations=17 (full 2):
 PSYoungGen      total 23040K, used 1017K [0x00000000eab00000, 0x00000000ec680000, 0x0000000100000000)
  eden space 22016K, 0% used [0x00000000eab00000,0x00000000eab00000,0x00000000ec080000)
  from space 1024K, 99% used [0x00000000ec500000,0x00000000ec5fe568,0x00000000ec600000)
  to   space 512K, 0% used [0x00000000ec600000,0x00000000ec600000,0x00000000ec680000)
 ParOldGen       total 68608K, used 17085K [0x00000000c0000000, 0x00000000c4300000, 0x00000000eab00000)
  object space 68608K, 24% used [0x00000000c0000000,0x00000000c10af678,0x00000000c4300000)
 Metaspace       used 45219K, committed 46144K, reserved 1114112K
  class space    used 4742K, committed 5184K, reserved 1048576K
}
Event: 21.567 GC heap before
{Heap before GC invocations=18 (full 2):
 PSYoungGen      total 23040K, used 23033K [0x00000000eab00000, 0x00000000ec680000, 0x0000000100000000)
  eden space 22016K, 100% used [0x00000000eab00000,0x00000000ec080000,0x00000000ec080000)
  from space 1024K, 99% used [0x00000000ec500000,0x00000000ec5fe568,0x00000000ec600000)
  to   space 512K, 0% used [0x00000000ec600000,0x00000000ec600000,0x00000000ec680000)
 ParOldGen       total 68608K, used 17085K [0x00000000c0000000, 0x00000000c4300000, 0x00000000eab00000)
  object space 68608K, 24% used [0x00000000c0000000,0x00000000c10af678,0x00000000c4300000)
 Metaspace       used 47851K, committed 48832K, reserved 1114112K
  class space    used 5118K, committed 5504K, reserved 1048576K
}
Event: 21.572 GC heap after
{Heap after GC invocations=18 (full 2):
 PSYoungGen      total 22528K, used 512K [0x00000000eab00000, 0x00000000ec680000, 0x0000000100000000)
  eden space 22016K, 0% used [0x00000000eab00000,0x00000000eab00000,0x00000000ec080000)
  from space 512K, 100% used [0x00000000ec600000,0x00000000ec680000,0x00000000ec680000)
  to   space 2048K, 0% used [0x00000000ec280000,0x00000000ec280000,0x00000000ec480000)
 ParOldGen       total 68608K, used 18488K [0x00000000c0000000, 0x00000000c4300000, 0x00000000eab00000)
  object space 68608K, 26% used [0x00000000c0000000,0x00000000c120e2d0,0x00000000c4300000)
 Metaspace       used 47851K, committed 48832K, reserved 1114112K
  class space    used 5118K, committed 5504K, reserved 1048576K
}
Event: 24.129 GC heap before
{Heap before GC invocations=19 (full 2):
 PSYoungGen      total 22528K, used 22528K [0x00000000eab00000, 0x00000000ec680000, 0x0000000100000000)
  eden space 22016K, 100% used [0x00000000eab00000,0x00000000ec080000,0x00000000ec080000)
  from space 512K, 100% used [0x00000000ec600000,0x00000000ec680000,0x00000000ec680000)
  to   space 2048K, 0% used [0x00000000ec280000,0x00000000ec280000,0x00000000ec480000)
 ParOldGen       total 68608K, used 18488K [0x00000000c0000000, 0x00000000c4300000, 0x00000000eab00000)
  object space 68608K, 26% used [0x00000000c0000000,0x00000000c120e2d0,0x00000000c4300000)
 Metaspace       used 50338K, committed 51328K, reserved 1114112K
  class space    used 5425K, committed 5824K, reserved 1048576K
}
Event: 24.134 GC heap after
{Heap after GC invocations=19 (full 2):
 PSYoungGen      total 24064K, used 2038K [0x00000000eab00000, 0x00000000ec680000, 0x0000000100000000)
  eden space 22016K, 0% used [0x00000000eab00000,0x00000000eab00000,0x00000000ec080000)
  from space 2048K, 99% used [0x00000000ec280000,0x00000000ec47dbd8,0x00000000ec480000)
  to   space 2048K, 0% used [0x00000000ec480000,0x00000000ec480000,0x00000000ec680000)
 ParOldGen       total 68608K, used 19048K [0x00000000c0000000, 0x00000000c4300000, 0x00000000eab00000)
  object space 68608K, 27% used [0x00000000c0000000,0x00000000c129a2d0,0x00000000c4300000)
 Metaspace       used 50338K, committed 51328K, reserved 1114112K
  class space    used 5425K, committed 5824K, reserved 1048576K
}
Event: 26.410 GC heap before
{Heap before GC invocations=20 (full 2):
 PSYoungGen      total 24064K, used 24037K [0x00000000eab00000, 0x00000000ec680000, 0x0000000100000000)
  eden space 22016K, 99% used [0x00000000eab00000,0x00000000ec07bb60,0x00000000ec080000)
  from space 2048K, 99% used [0x00000000ec280000,0x00000000ec47dbd8,0x00000000ec480000)
  to   space 2048K, 0% used [0x00000000ec480000,0x00000000ec480000,0x00000000ec680000)
 ParOldGen       total 68608K, used 19048K [0x00000000c0000000, 0x00000000c4300000, 0x00000000eab00000)
  object space 68608K, 27% used [0x00000000c0000000,0x00000000c129a2d0,0x00000000c4300000)
 Metaspace       used 52966K, committed 54016K, reserved 1114112K
  class space    used 5721K, committed 6144K, reserved 1048576K
}
Event: 26.418 GC heap after
{Heap after GC invocations=20 (full 2):
 PSYoungGen      total 23552K, used 1509K [0x00000000eab00000, 0x00000000ec600000, 0x0000000100000000)
  eden space 22016K, 0% used [0x00000000eab00000,0x00000000eab00000,0x00000000ec080000)
  from space 1536K, 98% used [0x00000000ec480000,0x00000000ec5f96f8,0x00000000ec600000)
  to   space 2048K, 0% used [0x00000000ec200000,0x00000000ec200000,0x00000000ec400000)
 ParOldGen       total 68608K, used 20995K [0x00000000c0000000, 0x00000000c4300000, 0x00000000eab00000)
  object space 68608K, 30% used [0x00000000c0000000,0x00000000c1480e48,0x00000000c4300000)
 Metaspace       used 52966K, committed 54016K, reserved 1114112K
  class space    used 5721K, committed 6144K, reserved 1048576K
}
Event: 27.483 GC heap before
{Heap before GC invocations=21 (full 2):
 PSYoungGen      total 23552K, used 23525K [0x00000000eab00000, 0x00000000ec600000, 0x0000000100000000)
  eden space 22016K, 100% used [0x00000000eab00000,0x00000000ec080000,0x00000000ec080000)
  from space 1536K, 98% used [0x00000000ec480000,0x00000000ec5f96f8,0x00000000ec600000)
  to   space 2048K, 0% used [0x00000000ec200000,0x00000000ec200000,0x00000000ec400000)
 ParOldGen       total 68608K, used 20995K [0x00000000c0000000, 0x00000000c4300000, 0x00000000eab00000)
  object space 68608K, 30% used [0x00000000c0000000,0x00000000c1480e48,0x00000000c4300000)
 Metaspace       used 53342K, committed 54400K, reserved 1114112K
  class space    used 5767K, committed 6208K, reserved 1048576K
}
Event: 27.492 GC heap after
{Heap after GC invocations=21 (full 2):
 PSYoungGen      total 24064K, used 2016K [0x00000000eab00000, 0x00000000ec880000, 0x0000000100000000)
  eden space 22016K, 0% used [0x00000000eab00000,0x00000000eab00000,0x00000000ec080000)
  from space 2048K, 98% used [0x00000000ec200000,0x00000000ec3f8020,0x00000000ec400000)
  to   space 4096K, 0% used [0x00000000ec480000,0x00000000ec480000,0x00000000ec880000)
 ParOldGen       total 68608K, used 22463K [0x00000000c0000000, 0x00000000c4300000, 0x00000000eab00000)
  object space 68608K, 32% used [0x00000000c0000000,0x00000000c15eff28,0x00000000c4300000)
 Metaspace       used 53342K, committed 54400K, reserved 1114112K
  class space    used 5767K, committed 6208K, reserved 1048576K
}
Event: 28.110 GC heap before
{Heap before GC invocations=22 (full 2):
 PSYoungGen      total 24064K, used 24032K [0x00000000eab00000, 0x00000000ec880000, 0x0000000100000000)
  eden space 22016K, 100% used [0x00000000eab00000,0x00000000ec080000,0x00000000ec080000)
  from space 2048K, 98% used [0x00000000ec200000,0x00000000ec3f8020,0x00000000ec400000)
  to   space 4096K, 0% used [0x00000000ec480000,0x00000000ec480000,0x00000000ec880000)
 ParOldGen       total 68608K, used 22463K [0x00000000c0000000, 0x00000000c4300000, 0x00000000eab00000)
  object space 68608K, 32% used [0x00000000c0000000,0x00000000c15eff28,0x00000000c4300000)
 Metaspace       used 53440K, committed 54464K, reserved 1114112K
  class space    used 5777K, committed 6208K, reserved 1048576K
}
Event: 28.120 GC heap after
{Heap after GC invocations=22 (full 2):
 PSYoungGen      total 24576K, used 2381K [0x00000000eab00000, 0x00000000ec700000, 0x0000000100000000)
  eden space 22016K, 0% used [0x00000000eab00000,0x00000000eab00000,0x00000000ec080000)
  from space 2560K, 93% used [0x00000000ec480000,0x00000000ec6d34c8,0x00000000ec700000)
  to   space 3072K, 0% used [0x00000000ec100000,0x00000000ec100000,0x00000000ec400000)
 ParOldGen       total 68608K, used 24439K [0x00000000c0000000, 0x00000000c4300000, 0x00000000eab00000)
  object space 68608K, 35% used [0x00000000c0000000,0x00000000c17ddf38,0x00000000c4300000)
 Metaspace       used 53440K, committed 54464K, reserved 1114112K
  class space    used 5777K, committed 6208K, reserved 1048576K
}
Event: 29.289 GC heap before
{Heap before GC invocations=23 (full 2):
 PSYoungGen      total 24576K, used 24397K [0x00000000eab00000, 0x00000000ec700000, 0x0000000100000000)
  eden space 22016K, 100% used [0x00000000eab00000,0x00000000ec080000,0x00000000ec080000)
  from space 2560K, 93% used [0x00000000ec480000,0x00000000ec6d34c8,0x00000000ec700000)
  to   space 3072K, 0% used [0x00000000ec100000,0x00000000ec100000,0x00000000ec400000)
 ParOldGen       total 68608K, used 24439K [0x00000000c0000000, 0x00000000c4300000, 0x00000000eab00000)
  object space 68608K, 35% used [0x00000000c0000000,0x00000000c17ddf38,0x00000000c4300000)
 Metaspace       used 55370K, committed 56384K, reserved 1114112K
  class space    used 6048K, committed 6464K, reserved 1048576K
}
Event: 29.294 GC heap after
{Heap after GC invocations=23 (full 2):
 PSYoungGen      total 23040K, used 632K [0x00000000eab00000, 0x00000000ec500000, 0x0000000100000000)
  eden space 22016K, 0% used [0x00000000eab00000,0x00000000eab00000,0x00000000ec080000)
  from space 1024K, 61% used [0x00000000ec100000,0x00000000ec19e1e8,0x00000000ec200000)
  to   space 1536K, 0% used [0x00000000ec380000,0x00000000ec380000,0x00000000ec500000)
 ParOldGen       total 68608K, used 26486K [0x00000000c0000000, 0x00000000c4300000, 0x00000000eab00000)
  object space 68608K, 38% used [0x00000000c0000000,0x00000000c19ddaf0,0x00000000c4300000)
 Metaspace       used 55370K, committed 56384K, reserved 1114112K
  class space    used 6048K, committed 6464K, reserved 1048576K
}
Event: 31.209 GC heap before
{Heap before GC invocations=24 (full 2):
 PSYoungGen      total 23040K, used 22648K [0x00000000eab00000, 0x00000000ec500000, 0x0000000100000000)
  eden space 22016K, 100% used [0x00000000eab00000,0x00000000ec080000,0x00000000ec080000)
  from space 1024K, 61% used [0x00000000ec100000,0x00000000ec19e1e8,0x00000000ec200000)
  to   space 1536K, 0% used [0x00000000ec380000,0x00000000ec380000,0x00000000ec500000)
 ParOldGen       total 68608K, used 26486K [0x00000000c0000000, 0x00000000c4300000, 0x00000000eab00000)
  object space 68608K, 38% used [0x00000000c0000000,0x00000000c19ddaf0,0x00000000c4300000)
 Metaspace       used 56744K, committed 57792K, reserved 1114112K
  class space    used 6176K, committed 6592K, reserved 1048576K
}
Event: 31.213 GC heap after
{Heap after GC invocations=24 (full 2):
 PSYoungGen      total 22528K, used 384K [0x00000000eab00000, 0x00000000ec400000, 0x0000000100000000)
  eden space 22016K, 0% used [0x00000000eab00000,0x00000000eab00000,0x00000000ec080000)
  from space 512K, 75% used [0x00000000ec380000,0x00000000ec3e0000,0x00000000ec400000)
  to   space 1024K, 0% used [0x00000000ec200000,0x00000000ec200000,0x00000000ec300000)
 ParOldGen       total 68608K, used 27075K [0x00000000c0000000, 0x00000000c4300000, 0x00000000eab00000)
  object space 68608K, 39% used [0x00000000c0000000,0x00000000c1a70c78,0x00000000c4300000)
 Metaspace       used 56744K, committed 57792K, reserved 1114112K
  class space    used 6176K, committed 6592K, reserved 1048576K
}

