# JRE version: OpenJDK Runtime Environment Temurin-17.0.11+9 (17.0.11+9) (build 17.0.11+9)
# Java VM: OpenJDK 64-Bit Server VM Temurin-17.0.11+9 (17.0.11+9, mixed mode, tiered, compressed oops, compressed class ptrs, parallel gc, windows-amd64)
GC Precious Log:
 CPUs: 4 total, 4 available
 Memory: 8096M
 Large Page Support: Disabled
 NUMA Support: Disabled
 Compressed Oops: Enabled (32-bit)
 Alignments: Space 512K, Generation 512K, Heap 2M
 Heap Min Capacity: 100M
 Heap Initial Capacity: 100M
 Heap Max Capacity: 1G
 Pre-touch: Disabled
 Parallel Workers: 4
Heap:
 PSYoungGen      total 22016K, used 10424K [0x00000000eab00000, 0x00000000ec280000, 0x0000000100000000)
  eden space 21504K, 46% used [0x00000000eab00000,0x00000000eb4de388,0x00000000ec000000)
  from space 512K, 62% used [0x00000000ec200000,0x00000000ec250000,0x00000000ec280000)
  to   space 1024K, 0% used [0x00000000ec080000,0x00000000ec080000,0x00000000ec180000)
 ParOldGen       total 68608K, used 27714K [0x00000000c0000000, 0x00000000c4300000, 0x00000000eab00000)
  object space 68608K, 40% used [0x00000000c0000000,0x00000000c1b10860,0x00000000c4300000)
 Metaspace       used 57833K, committed 58944K, reserved 1114112K
  class space    used 6283K, committed 6784K, reserved 1048576K
GC Heap History (20 events):
Event: 25.567 GC heap before
{Heap before GC invocations=15 (full 2):
 PSYoungGen      total 24064K, used 23606K [0x00000000eab00000, 0x00000000ec700000, 0x0000000100000000)
  eden space 22528K, 100% used [0x00000000eab00000,0x00000000ec100000,0x00000000ec100000)
  from space 1536K, 70% used [0x00000000ec580000,0x00000000ec68d908,0x00000000ec700000)
  to   space 1536K, 0% used [0x00000000ec400000,0x00000000ec400000,0x00000000ec580000)
 ParOldGen       total 68608K, used 14568K [0x00000000c0000000, 0x00000000c4300000, 0x00000000eab00000)
  object space 68608K, 21% used [0x00000000c0000000,0x00000000c0e3a398,0x00000000c4300000)
 Metaspace       used 39814K, committed 40704K, reserved 1114112K
  class space    used 4088K, committed 4416K, reserved 1048576K
}
Event: 25.571 GC heap after
{Heap after GC invocations=15 (full 2):
 PSYoungGen      total 23040K, used 768K [0x00000000eab00000, 0x00000000ec600000, 0x0000000100000000)
  eden space 22016K, 0% used [0x00000000eab00000,0x00000000eab00000,0x00000000ec080000)
  from space 1024K, 75% used [0x00000000ec400000,0x00000000ec4c0000,0x00000000ec500000)
  to   space 1024K, 0% used [0x00000000ec500000,0x00000000ec500000,0x00000000ec600000)
 ParOldGen       total 68608K, used 15543K [0x00000000c0000000, 0x00000000c4300000, 0x00000000eab00000)
  object space 68608K, 22% used [0x00000000c0000000,0x00000000c0f2dd08,0x00000000c4300000)
 Metaspace       used 39814K, committed 40704K, reserved 1114112K
  class space    used 4088K, committed 4416K, reserved 1048576K
}
Event: 27.174 GC heap before
{Heap before GC invocations=16 (full 2):
 PSYoungGen      total 23040K, used 22784K [0x00000000eab00000, 0x00000000ec600000, 0x0000000100000000)
  eden space 22016K, 100% used [0x00000000eab00000,0x00000000ec080000,0x00000000ec080000)
  from space 1024K, 75% used [0x00000000ec400000,0x00000000ec4c0000,0x00000000ec500000)
  to   space 1024K, 0% used [0x00000000ec500000,0x00000000ec500000,0x00000000ec600000)
 ParOldGen       total 68608K, used 15543K [0x00000000c0000000, 0x00000000c4300000, 0x00000000eab00000)
  object space 68608K, 22% used [0x00000000c0000000,0x00000000c0f2dd08,0x00000000c4300000)
 Metaspace       used 42650K, committed 43584K, reserved 1114112K
  class space    used 4427K, committed 4800K, reserved 1048576K
}
Event: 27.178 GC heap after
{Heap after GC invocations=16 (full 2):
 PSYoungGen      total 23040K, used 1015K [0x00000000eab00000, 0x00000000ec600000, 0x0000000100000000)
  eden space 22016K, 0% used [0x00000000eab00000,0x00000000eab00000,0x00000000ec080000)
  from space 1024K, 99% used [0x00000000ec500000,0x00000000ec5fdee8,0x00000000ec600000)
  to   space 2560K, 0% used [0x00000000ec100000,0x00000000ec100000,0x00000000ec380000)
 ParOldGen       total 68608K, used 16501K [0x00000000c0000000, 0x00000000c4300000, 0x00000000eab00000)
  object space 68608K, 24% used [0x00000000c0000000,0x00000000c101d458,0x00000000c4300000)
 Metaspace       used 42650K, committed 43584K, reserved 1114112K
  class space    used 4427K, committed 4800K, reserved 1048576K
}
Event: 28.939 GC heap before
{Heap before GC invocations=17 (full 2):
 PSYoungGen      total 23040K, used 23031K [0x00000000eab00000, 0x00000000ec600000, 0x0000000100000000)
  eden space 22016K, 100% used [0x00000000eab00000,0x00000000ec080000,0x00000000ec080000)
  from space 1024K, 99% used [0x00000000ec500000,0x00000000ec5fdee8,0x00000000ec600000)
  to   space 2560K, 0% used [0x00000000ec100000,0x00000000ec100000,0x00000000ec380000)
 ParOldGen       total 68608K, used 16501K [0x00000000c0000000, 0x00000000c4300000, 0x00000000eab00000)
  object space 68608K, 24% used [0x00000000c0000000,0x00000000c101d458,0x00000000c4300000)
 Metaspace       used 45399K, committed 46464K, reserved 1114112K
  class space    used 4781K, committed 5184K, reserved 1048576K
}
Event: 28.944 GC heap after
{Heap after GC invocations=17 (full 2):
 PSYoungGen      total 24576K, used 1039K [0x00000000eab00000, 0x00000000ec580000, 0x0000000100000000)
  eden space 22016K, 0% used [0x00000000eab00000,0x00000000eab00000,0x00000000ec080000)
  from space 2560K, 40% used [0x00000000ec100000,0x00000000ec203cb0,0x00000000ec380000)
  to   space 1536K, 0% used [0x00000000ec400000,0x00000000ec400000,0x00000000ec580000)
 ParOldGen       total 68608K, used 17469K [0x00000000c0000000, 0x00000000c4300000, 0x00000000eab00000)
  object space 68608K, 25% used [0x00000000c0000000,0x00000000c110f6e8,0x00000000c4300000)
 Metaspace       used 45399K, committed 46464K, reserved 1114112K
  class space    used 4781K, committed 5184K, reserved 1048576K
}
Event: 30.412 GC heap before
{Heap before GC invocations=18 (full 2):
 PSYoungGen      total 24576K, used 23055K [0x00000000eab00000, 0x00000000ec580000, 0x0000000100000000)
  eden space 22016K, 100% used [0x00000000eab00000,0x00000000ec080000,0x00000000ec080000)
  from space 2560K, 40% used [0x00000000ec100000,0x00000000ec203cb0,0x00000000ec380000)
  to   space 1536K, 0% used [0x00000000ec400000,0x00000000ec400000,0x00000000ec580000)
 ParOldGen       total 68608K, used 17469K [0x00000000c0000000, 0x00000000c4300000, 0x00000000eab00000)
  object space 68608K, 25% used [0x00000000c0000000,0x00000000c110f6e8,0x00000000c4300000)
 Metaspace       used 47995K, committed 49024K, reserved 1114112K
  class space    used 5145K, committed 5568K, reserved 1048576K
}
Event: 30.420 GC heap after
{Heap after GC invocations=18 (full 2):
 PSYoungGen      total 23552K, used 1280K [0x00000000eab00000, 0x00000000ec580000, 0x0000000100000000)
  eden space 22016K, 0% used [0x00000000eab00000,0x00000000eab00000,0x00000000ec080000)
  from space 1536K, 83% used [0x00000000ec400000,0x00000000ec540000,0x00000000ec580000)
  to   space 1536K, 0% used [0x00000000ec280000,0x00000000ec280000,0x00000000ec400000)
 ParOldGen       total 68608K, used 18406K [0x00000000c0000000, 0x00000000c4300000, 0x00000000eab00000)
  object space 68608K, 26% used [0x00000000c0000000,0x00000000c11f98d8,0x00000000c4300000)
 Metaspace       used 47995K, committed 49024K, reserved 1114112K
  class space    used 5145K, committed 5568K, reserved 1048576K
}
Event: 32.439 GC heap before
{Heap before GC invocations=19 (full 2):
 PSYoungGen      total 23552K, used 23289K [0x00000000eab00000, 0x00000000ec580000, 0x0000000100000000)
  eden space 22016K, 99% used [0x00000000eab00000,0x00000000ec07e578,0x00000000ec080000)
  from space 1536K, 83% used [0x00000000ec400000,0x00000000ec540000,0x00000000ec580000)
  to   space 1536K, 0% used [0x00000000ec280000,0x00000000ec280000,0x00000000ec400000)
 ParOldGen       total 68608K, used 18406K [0x00000000c0000000, 0x00000000c4300000, 0x00000000eab00000)
  object space 68608K, 26% used [0x00000000c0000000,0x00000000c11f98d8,0x00000000c4300000)
 Metaspace       used 50472K, committed 51520K, reserved 1114112K
  class space    used 5455K, committed 5888K, reserved 1048576K
}
Event: 32.445 GC heap after
{Heap after GC invocations=19 (full 2):
 PSYoungGen      total 23552K, used 1517K [0x00000000eab00000, 0x00000000ec780000, 0x0000000100000000)
  eden space 22016K, 0% used [0x00000000eab00000,0x00000000eab00000,0x00000000ec080000)
  from space 1536K, 98% used [0x00000000ec280000,0x00000000ec3fb6d0,0x00000000ec400000)
  to   space 3584K, 0% used [0x00000000ec400000,0x00000000ec400000,0x00000000ec780000)
 ParOldGen       total 68608K, used 19935K [0x00000000c0000000, 0x00000000c4300000, 0x00000000eab00000)
  object space 68608K, 29% used [0x00000000c0000000,0x00000000c1377d98,0x00000000c4300000)
 Metaspace       used 50472K, committed 51520K, reserved 1114112K
  class space    used 5455K, committed 5888K, reserved 1048576K
}
Event: 34.615 GC heap before
{Heap before GC invocations=20 (full 2):
 PSYoungGen      total 23552K, used 23533K [0x00000000eab00000, 0x00000000ec780000, 0x0000000100000000)
  eden space 22016K, 100% used [0x00000000eab00000,0x00000000ec080000,0x00000000ec080000)
  from space 1536K, 98% used [0x00000000ec280000,0x00000000ec3fb6d0,0x00000000ec400000)
  to   space 3584K, 0% used [0x00000000ec400000,0x00000000ec400000,0x00000000ec780000)
 ParOldGen       total 68608K, used 19935K [0x00000000c0000000, 0x00000000c4300000, 0x00000000eab00000)
  object space 68608K, 29% used [0x00000000c0000000,0x00000000c1377d98,0x00000000c4300000)
 Metaspace       used 53099K, committed 54144K, reserved 1114112K
  class space    used 5744K, committed 6208K, reserved 1048576K
}
Event: 34.622 GC heap after
{Heap after GC invocations=20 (full 2):
 PSYoungGen      total 23552K, used 1520K [0x00000000eab00000, 0x00000000ec580000, 0x0000000100000000)
  eden space 22016K, 0% used [0x00000000eab00000,0x00000000eab00000,0x00000000ec080000)
  from space 1536K, 98% used [0x00000000ec400000,0x00000000ec57c030,0x00000000ec580000)
  to   space 2560K, 0% used [0x00000000ec080000,0x00000000ec080000,0x00000000ec300000)
 ParOldGen       total 68608K, used 21462K [0x00000000c0000000, 0x00000000c4300000, 0x00000000eab00000)
  object space 68608K, 31% used [0x00000000c0000000,0x00000000c14f5980,0x00000000c4300000)
 Metaspace       used 53099K, committed 54144K, reserved 1114112K
  class space    used 5744K, committed 6208K, reserved 1048576K
}
Event: 35.399 GC heap before
{Heap before GC invocations=21 (full 2):
 PSYoungGen      total 23552K, used 23536K [0x00000000eab00000, 0x00000000ec580000, 0x0000000100000000)
  eden space 22016K, 100% used [0x00000000eab00000,0x00000000ec080000,0x00000000ec080000)
  from space 1536K, 98% used [0x00000000ec400000,0x00000000ec57c030,0x00000000ec580000)
  to   space 2560K, 0% used [0x00000000ec080000,0x00000000ec080000,0x00000000ec300000)
 ParOldGen       total 68608K, used 21462K [0x00000000c0000000, 0x00000000c4300000, 0x00000000eab00000)
  object space 68608K, 31% used [0x00000000c0000000,0x00000000c14f5980,0x00000000c4300000)
 Metaspace       used 53390K, committed 54400K, reserved 1114112K
  class space    used 5780K, committed 6208K, reserved 1048576K
}
Event: 35.406 GC heap after
{Heap after GC invocations=21 (full 2):
 PSYoungGen      total 24576K, used 2176K [0x00000000eab00000, 0x00000000ec580000, 0x0000000100000000)
  eden space 22016K, 0% used [0x00000000eab00000,0x00000000eab00000,0x00000000ec080000)
  from space 2560K, 85% used [0x00000000ec080000,0x00000000ec2a0020,0x00000000ec300000)
  to   space 2560K, 0% used [0x00000000ec300000,0x00000000ec300000,0x00000000ec580000)
 ParOldGen       total 68608K, used 22898K [0x00000000c0000000, 0x00000000c4300000, 0x00000000eab00000)
  object space 68608K, 33% used [0x00000000c0000000,0x00000000c165ca60,0x00000000c4300000)
 Metaspace       used 53390K, committed 54400K, reserved 1114112K
  class space    used 5780K, committed 6208K, reserved 1048576K
}
Event: 36.805 GC heap before
{Heap before GC invocations=22 (full 2):
 PSYoungGen      total 24576K, used 24192K [0x00000000eab00000, 0x00000000ec580000, 0x0000000100000000)
  eden space 22016K, 100% used [0x00000000eab00000,0x00000000ec080000,0x00000000ec080000)
  from space 2560K, 85% used [0x00000000ec080000,0x00000000ec2a0020,0x00000000ec300000)
  to   space 2560K, 0% used [0x00000000ec300000,0x00000000ec300000,0x00000000ec580000)
 ParOldGen       total 68608K, used 22898K [0x00000000c0000000, 0x00000000c4300000, 0x00000000eab00000)
  object space 68608K, 33% used [0x00000000c0000000,0x00000000c165ca60,0x00000000c4300000)
 Metaspace       used 53509K, committed 54592K, reserved 1114112K
  class space    used 5787K, committed 6272K, reserved 1048576K
}
Event: 36.815 GC heap after
{Heap after GC invocations=22 (full 2):
 PSYoungGen      total 24064K, used 2512K [0x00000000eab00000, 0x00000000ec680000, 0x0000000100000000)
  eden space 21504K, 0% used [0x00000000eab00000,0x00000000eab00000,0x00000000ec000000)
  from space 2560K, 98% used [0x00000000ec300000,0x00000000ec574040,0x00000000ec580000)
  to   space 3072K, 0% used [0x00000000ec000000,0x00000000ec000000,0x00000000ec300000)
 ParOldGen       total 68608K, used 24954K [0x00000000c0000000, 0x00000000c4300000, 0x00000000eab00000)
  object space 68608K, 36% used [0x00000000c0000000,0x00000000c185ea70,0x00000000c4300000)
 Metaspace       used 53509K, committed 54592K, reserved 1114112K
  class space    used 5787K, committed 6272K, reserved 1048576K
}
Event: 39.846 GC heap before
{Heap before GC invocations=23 (full 2):
 PSYoungGen      total 24064K, used 24016K [0x00000000eab00000, 0x00000000ec680000, 0x0000000100000000)
  eden space 21504K, 100% used [0x00000000eab00000,0x00000000ec000000,0x00000000ec000000)
  from space 2560K, 98% used [0x00000000ec300000,0x00000000ec574040,0x00000000ec580000)
  to   space 3072K, 0% used [0x00000000ec000000,0x00000000ec000000,0x00000000ec300000)
 ParOldGen       total 68608K, used 24954K [0x00000000c0000000, 0x00000000c4300000, 0x00000000eab00000)
  object space 68608K, 36% used [0x00000000c0000000,0x00000000c185ea70,0x00000000c4300000)
 Metaspace       used 55473K, committed 56576K, reserved 1114112K
  class space    used 6049K, committed 6528K, reserved 1048576K
}
Event: 39.854 GC heap after
{Heap after GC invocations=23 (full 2):
 PSYoungGen      total 22528K, used 696K [0x00000000eab00000, 0x00000000ec380000, 0x0000000100000000)
  eden space 21504K, 0% used [0x00000000eab00000,0x00000000eab00000,0x00000000ec000000)
  from space 1024K, 68% used [0x00000000ec000000,0x00000000ec0ae1e8,0x00000000ec100000)
  to   space 1536K, 0% used [0x00000000ec200000,0x00000000ec200000,0x00000000ec380000)
 ParOldGen       total 68608K, used 27057K [0x00000000c0000000, 0x00000000c4300000, 0x00000000eab00000)
  object space 68608K, 39% used [0x00000000c0000000,0x00000000c1a6c458,0x00000000c4300000)
 Metaspace       used 55473K, committed 56576K, reserved 1114112K
  class space    used 6049K, committed 6528K, reserved 1048576K
}
Event: 43.084 GC heap before
{Heap before GC invocations=24 (full 2):
 PSYoungGen      total 22528K, used 22200K [0x00000000eab00000, 0x00000000ec380000, 0x0000000100000000)
  eden space 21504K, 100% used [0x00000000eab00000,0x00000000ec000000,0x00000000ec000000)
  from space 1024K, 68% used [0x00000000ec000000,0x00000000ec0ae1e8,0x00000000ec100000)
  to   space 1536K, 0% used [0x00000000ec200000,0x00000000ec200000,0x00000000ec380000)
 ParOldGen       total 68608K, used 27057K [0x00000000c0000000, 0x00000000c4300000, 0x00000000eab00000)
  object space 68608K, 39% used [0x00000000c0000000,0x00000000c1a6c458,0x00000000c4300000)
 Metaspace       used 56498K, committed 57600K, reserved 1114112K
  class space    used 6167K, committed 6656K, reserved 1048576K
}
Event: 43.087 GC heap after
{Heap after GC invocations=24 (full 2):
 PSYoungGen      total 22016K, used 320K [0x00000000eab00000, 0x00000000ec280000, 0x0000000100000000)
  eden space 21504K, 0% used [0x00000000eab00000,0x00000000eab00000,0x00000000ec000000)
  from space 512K, 62% used [0x00000000ec200000,0x00000000ec250000,0x00000000ec280000)
  to   space 1024K, 0% used [0x00000000ec080000,0x00000000ec080000,0x00000000ec180000)
 ParOldGen       total 68608K, used 27714K [0x00000000c0000000, 0x00000000c4300000, 0x00000000eab00000)
  object space 68608K, 40% used [0x00000000c0000000,0x00000000c1b10860,0x00000000c4300000)
 Metaspace       used 56498K, committed 57600K, reserved 1114112K
  class space    used 6167K, committed 6656K, reserved 1048576K
}

